<?xml version="1.0" encoding="UTF-8"?>
<testsuite name="Tests" tests="5" skipped="0" failures="0" errors="0" timestamp="2022-03-23T19:23:18" hostname="DESKTOP-KUJQ02C" time="0.114">
  <properties/>
  <testcase name="testJsonDoc" classname="Tests" time="0.064"/>
  <testcase name="testJSONStructureInDB" classname="Tests" time="0.022"/>
  <testcase name="testReadingFile" classname="Tests" time="0.007"/>
  <testcase name="testOtherJSONViaDB" classname="Tests" time="0.012"/>
  <testcase name="testComputingReviews" classname="Tests" time="0.008"/>
  <system-out><![CDATA[]]></system-out>
  <system-err><![CDATA[]]></system-err>
</testsuite>
