<?xml version="1.0" encoding="UTF-8"?>
<testsuite name="Tests" tests="2" skipped="0" failures="0" errors="0" timestamp="2022-03-24T03:51:39" hostname="DESKTOP-KUJQ02C" time="0.019">
  <properties/>
  <testcase name="testSolution" classname="Tests" time="0.012"/>
  <testcase name="testReadingDatabase" classname="Tests" time="0.006"/>
  <system-out><![CDATA[]]></system-out>
  <system-err><![CDATA[]]></system-err>
</testsuite>
